{"ec13d80f885b4476daf9a13d8e9776be":{"statistic":{"failed":0,"broken":0,"skipped":0,"passed":1,"unknown":0,"total":1},"items":[{"uid":"9ec5b8975d68b62a","status":"passed","time":{"start":1656334479616,"stop":1656334483653,"duration":4037}}]},"670ba3cfeed8a1eae55bab650dfb2951":{"statistic":{"failed":0,"broken":0,"skipped":0,"passed":1,"unknown":0,"total":1},"items":[{"uid":"a7c9b06a61989bbf","status":"passed","time":{"start":1656334464756,"stop":1656334469593,"duration":4837}}]},"2f25900d563d98b562743b71c1cd43a3":{"statistic":{"failed":1,"broken":0,"skipped":0,"passed":0,"unknown":0,"total":1},"items":[{"uid":"372c2aa7204e2754","status":"failed","statusDetails":"AssertionError: radio button 'no' form is not selected","time":{"start":1656334663558,"stop":1656334666761,"duration":3203}}]},"7be1082b0a2eef8e94078c1c0f01de62":{"statistic":{"failed":0,"broken":0,"skipped":0,"passed":1,"unknown":0,"total":1},"items":[{"uid":"da39c684ba9aa291","status":"passed","time":{"start":1656334534895,"stop":1656334538240,"duration":3345}}]},"757ebe61d80cad2f005e977562adf850":{"statistic":{"failed":0,"broken":0,"skipped":0,"passed":1,"unknown":0,"total":1},"items":[{"uid":"e961cbcd6950361a","status":"passed","time":{"start":1656529900299,"stop":1656529908798,"duration":8499}}]},"f6944d583ff9b2d0cb399d72c3ad5823":{"statistic":{"failed":0,"broken":0,"skipped":0,"passed":1,"unknown":0,"total":1},"items":[{"uid":"862f28a56e89ef81","status":"passed","time":{"start":1656334508494,"stop":1656334511392,"duration":2898}}]},"72706d01d9d9e59d8327341997037948":{"statistic":{"failed":0,"broken":0,"skipped":0,"passed":1,"unknown":0,"total":1},"items":[{"uid":"f364608ea730ee64","status":"passed","time":{"start":1656334521367,"stop":1656334524890,"duration":3523}}]},"7ea79e93675ccd16049624abeb3d9bec":{"statistic":{"failed":0,"broken":0,"skipped":1,"passed":0,"unknown":0,"total":1},"items":[{"uid":"ea77ad2e83eb5e13","status":"skipped","statusDetails":"XFAIL A dropped test going into x fail, to fix it, you need to change the locator to the correct one\n\nAssertionError: Dropped test going into x fail","time":{"start":1656334494266,"stop":1656334497756,"duration":3490}}]}}